  âŒ FAILED
     Error:
       message: [32m''[39m,
       constructor: [32m'Function<AggregateError>'[39m,
       name: [32m'Caused by: AggregateError'[39m,
       toString: [32m'Function<toString>'[39m,
       stacks: []
     }
     [31m[2mâ¯â¯â¯â¯â¯â¯â¯â¯â¯â¯â¯â¯â¯â¯â¯â¯â¯â¯â¯â¯â¯â¯â¯â¯â¯â¯â¯â¯â¯â¯[22m[39m
     [31m[1mSerialized Error:[22m[39m [90m{ errors: [ { stack: 'Error: connect ECONNREFUSED ::1:5432\n    at createConnectionError (node:net:1678:14)\n    at afterConnectMultiple (node:net:1708:16)', message: 'connect ECONNREFUSED ::1:5432', errno: -61, code: 'ECONNREFUSED', syscall: 'connect', address: '::1', port: 5432, constructor: 'Function<Error>', name: 'Error', toString: 'Function<toString>' }, { stack: 'Error: connect ECONNREFUSED 127.0.0.1:5432\n    at createConnectionError (node:net:1678:14)\n    at afterConnectMultiple (node:net:1708:16)', message: 'connect ECONNREFUSED 127.0.0.1:5432', errno: -61, code: 'ECONNREFUSED', syscall: 'connect', address: '127.0.0.1', port: 5432, constructor: 'Function<Error>', name: 'Error', toString: 'Function<toString>' } ], code: 'ECONNREFUSED' }[39m
     [31m[2mâ¯â¯â¯â¯â¯â¯â¯â¯â¯â¯â¯â¯â¯â¯â¯â¯â¯â¯â¯â¯â¯â¯â¯â¯[2/2]â¯[22m[39m
     
     
     [2m Test Files [22m [1m[31m1 failed[39m[22m[90m (1)[39m
     [2m      Tests [22m [1m[31m1 failed[39m[22m[90m (34)[39m
     [2m   Start at [22m 10:38:02
     [2m   Duration [22m 1.18s[2m (transform 553ms, setup 0ms, collect 954ms, tests 18ms, environment 0ms, prepare 49ms)[22m
     
     [41m[30mâ€‰ELIFECYCLEâ€‰[39m[49m [31mCommand failed with exit code 1.[39m
     [41m[30mâ€‰ELIFECYCLEâ€‰[39m[49m [31mTest failed. See above for more details.[39m
     [41m[30mâ€‰ELIFECYCLEâ€‰[39m[49m [31mCommand failed with exit code 1.[39m
     [41m[30mâ€‰ELIFECYCLEâ€‰[39m[49m [31mTest failed. See above for more details.[39m
  âŒ FAILED
     Error:
       message: [32m''[39m,
       constructor: [32m'Function<AggregateError>'[39m,
       name: [32m'Caused by: AggregateError'[39m,
       toString: [32m'Function<toString>'[39m,
       stacks: []
     }
     [31m[2mâ¯â¯â¯â¯â¯â¯â¯â¯â¯â¯â¯â¯â¯â¯â¯â¯â¯â¯â¯â¯â¯â¯â¯â¯â¯â¯â¯â¯â¯â¯[22m[39m
     [31m[1mSerialized Error:[22m[39m [90m{ errors: [ { stack: 'Error: connect ECONNREFUSED ::1:5432\n    at createConnectionError (node:net:1678:14)\n    at afterConnectMultiple (node:net:1708:16)', message: 'connect ECONNREFUSED ::1:5432', errno: -61, code: 'ECONNREFUSED', syscall: 'connect', address: '::1', port: 5432, constructor: 'Function<Error>', name: 'Error', toString: 'Function<toString>' }, { stack: 'Error: connect ECONNREFUSED 127.0.0.1:5432\n    at createConnectionError (node:net:1678:14)\n    at afterConnectMultiple (node:net:1708:16)', message: 'connect ECONNREFUSED 127.0.0.1:5432', errno: -61, code: 'ECONNREFUSED', syscall: 'connect', address: '127.0.0.1', port: 5432, constructor: 'Function<Error>', name: 'Error', toString: 'Function<toString>' } ], code: 'ECONNREFUSED' }[39m
     [31m[2mâ¯â¯â¯â¯â¯â¯â¯â¯â¯â¯â¯â¯â¯â¯â¯â¯â¯â¯â¯â¯â¯â¯â¯â¯[2/2]â¯[22m[39m
     
     
     [2m Test Files [22m [1m[31m1 failed[39m[22m[90m (1)[39m
     [2m      Tests [22m [1m[31m1 failed[39m[22m[90m (34)[39m
     [2m   Start at [22m 10:38:06
     [2m   Duration [22m 1.03s[2m (transform 537ms, setup 0ms, collect 824ms, tests 17ms, environment 0ms, prepare 45ms)[22m
     
     [41m[30mâ€‰ELIFECYCLEâ€‰[39m[49m [31mCommand failed with exit code 1.[39m
     [41m[30mâ€‰ELIFECYCLEâ€‰[39m[49m [31mTest failed. See above for more details.[39m
     [41m[30mâ€‰ELIFECYCLEâ€‰[39m[49m [31mCommand failed with exit code 1.[39m
     [41m[30mâ€‰ELIFECYCLEâ€‰[39m[49m [31mTest failed. See above for more details.[39m
  âŒ FAILED
     Error:
       message: [32m''[39m,
       constructor: [32m'Function<AggregateError>'[39m,
       name: [32m'Caused by: AggregateError'[39m,
       toString: [32m'Function<toString>'[39m,
       stacks: []
     }
     [31m[2mâ¯â¯â¯â¯â¯â¯â¯â¯â¯â¯â¯â¯â¯â¯â¯â¯â¯â¯â¯â¯â¯â¯â¯â¯â¯â¯â¯â¯â¯â¯[22m[39m
     [31m[1mSerialized Error:[22m[39m [90m{ errors: [ { stack: 'Error: connect ECONNREFUSED ::1:5432\n    at createConnectionError (node:net:1678:14)\n    at afterConnectMultiple (node:net:1708:16)', message: 'connect ECONNREFUSED ::1:5432', errno: -61, code: 'ECONNREFUSED', syscall: 'connect', address: '::1', port: 5432, constructor: 'Function<Error>', name: 'Error', toString: 'Function<toString>' }, { stack: 'Error: connect ECONNREFUSED 127.0.0.1:5432\n    at createConnectionError (node:net:1678:14)\n    at afterConnectMultiple (node:net:1708:16)', message: 'connect ECONNREFUSED 127.0.0.1:5432', errno: -61, code: 'ECONNREFUSED', syscall: 'connect', address: '127.0.0.1', port: 5432, constructor: 'Function<Error>', name: 'Error', toString: 'Function<toString>' } ], code: 'ECONNREFUSED' }[39m
     [31m[2mâ¯â¯â¯â¯â¯â¯â¯â¯â¯â¯â¯â¯â¯â¯â¯â¯â¯â¯â¯â¯â¯â¯â¯â¯[2/2]â¯[22m[39m
     
     
     [2m Test Files [22m [1m[31m1 failed[39m[22m[90m (1)[39m
     [2m      Tests [22m [1m[31m1 failed[39m[22m[90m (34)[39m
     [2m   Start at [22m 10:38:10
     [2m   Duration [22m 1.12s[2m (transform 561ms, setup 0ms, collect 880ms, tests 18ms, environment 0ms, prepare 48ms)[22m
     
     [41m[30mâ€‰ELIFECYCLEâ€‰[39m[49m [31mCommand failed with exit code 1.[39m
     [41m[30mâ€‰ELIFECYCLEâ€‰[39m[49m [31mTest failed. See above for more details.[39m
     [41m[30mâ€‰ELIFECYCLEâ€‰[39m[49m [31mCommand failed with exit code 1.[39m
     [41m[30mâ€‰ELIFECYCLEâ€‰[39m[49m [31mTest failed. See above for more details.[39m
  âŒ FAILED
     Error:
       message: [32m''[39m,
       constructor: [32m'Function<AggregateError>'[39m,
       name: [32m'Caused by: AggregateError'[39m,
       toString: [32m'Function<toString>'[39m,
       stacks: []
     }
     [31m[2mâ¯â¯â¯â¯â¯â¯â¯â¯â¯â¯â¯â¯â¯â¯â¯â¯â¯â¯â¯â¯â¯â¯â¯â¯â¯â¯â¯â¯â¯â¯[22m[39m
     [31m[1mSerialized Error:[22m[39m [90m{ errors: [ { stack: 'Error: connect ECONNREFUSED ::1:5432\n    at createConnectionError (node:net:1678:14)\n    at afterConnectMultiple (node:net:1708:16)', message: 'connect ECONNREFUSED ::1:5432', errno: -61, code: 'ECONNREFUSED', syscall: 'connect', address: '::1', port: 5432, constructor: 'Function<Error>', name: 'Error', toString: 'Function<toString>' }, { stack: 'Error: connect ECONNREFUSED 127.0.0.1:5432\n    at createConnectionError (node:net:1678:14)\n    at afterConnectMultiple (node:net:1708:16)', message: 'connect ECONNREFUSED 127.0.0.1:5432', errno: -61, code: 'ECONNREFUSED', syscall: 'connect', address: '127.0.0.1', port: 5432, constructor: 'Function<Error>', name: 'Error', toString: 'Function<toString>' } ], code: 'ECONNREFUSED' }[39m
     [31m[2mâ¯â¯â¯â¯â¯â¯â¯â¯â¯â¯â¯â¯â¯â¯â¯â¯â¯â¯â¯â¯â¯â¯â¯â¯[2/2]â¯[22m[39m
     
     
     [2m Test Files [22m [1m[31m1 failed[39m[22m[90m (1)[39m
     [2m      Tests [22m [1m[31m1 failed[39m[22m[90m (34)[39m
     [2m   Start at [22m 10:38:14
     [2m   Duration [22m 1.09s[2m (transform 534ms, setup 0ms, collect 851ms, tests 18ms, environment 0ms, prepare 35ms)[22m
     
     [41m[30mâ€‰ELIFECYCLEâ€‰[39m[49m [31mCommand failed with exit code 1.[39m
     [41m[30mâ€‰ELIFECYCLEâ€‰[39m[49m [31mTest failed. See above for more details.[39m
     [41m[30mâ€‰ELIFECYCLEâ€‰[39m[49m [31mCommand failed with exit code 1.[39m
     [41m[30mâ€‰ELIFECYCLEâ€‰[39m[49m [31mTest failed. See above for more details.[39m
