{
  "/Users/kenny/Developer/future/packages/cli/src/commands/init/init.ts": {
    "path": "/Users/kenny/Developer/future/packages/cli/src/commands/init/init.ts",
    "statementMap": {
      "0": { "start": { "line": 15, "column": 10 }, "end": { "line": 15, "column": 24 } },
      "1": { "start": { "line": 17, "column": 20 }, "end": { "line": 63, "column": 1 } },
      "2": { "start": { "line": 30, "column": 2 }, "end": { "line": 30, "column": 21 } },
      "3": { "start": { "line": 31, "column": 2 }, "end": { "line": 31, "column": 48 } },
      "4": { "start": { "line": 33, "column": 22 }, "end": { "line": 33, "column": 39 } },
      "5": { "start": { "line": 34, "column": 19 }, "end": { "line": 34, "column": 72 } },
      "6": { "start": { "line": 36, "column": 2 }, "end": { "line": 39, "column": 3 } },
      "7": { "start": { "line": 37, "column": 4 }, "end": { "line": 37, "column": 36 } },
      "8": { "start": { "line": 38, "column": 4 }, "end": { "line": 38, "column": 11 } },
      "9": { "start": { "line": 41, "column": 2 }, "end": { "line": 62, "column": 3 } },
      "10": { "start": { "line": 42, "column": 19 }, "end": { "line": 42, "column": 51 } },
      "11": { "start": { "line": 44, "column": 4 }, "end": { "line": 47, "column": 5 } },
      "12": { "start": { "line": 45, "column": 6 }, "end": { "line": 45, "column": 44 } },
      "13": { "start": { "line": 46, "column": 6 }, "end": { "line": 46, "column": 13 } },
      "14": { "start": { "line": 48, "column": 20 }, "end": { "line": 48, "column": 34 } },
      "15": { "start": { "line": 49, "column": 4 }, "end": { "line": 53, "column": 7 } },
      "16": { "start": { "line": 51, "column": 37 }, "end": { "line": 51, "column": 76 } },
      "17": { "start": { "line": 55, "column": 4 }, "end": { "line": 57, "column": 5 } },
      "18": { "start": { "line": 56, "column": 6 }, "end": { "line": 56, "column": 119 } },
      "19": { "start": { "line": 56, "column": 53 }, "end": { "line": 56, "column": 115 } },
      "20": { "start": { "line": 58, "column": 4 }, "end": { "line": 58, "column": 64 } },
      "21": { "start": { "line": 60, "column": 4 }, "end": { "line": 60, "column": 57 } },
      "22": { "start": { "line": 61, "column": 4 }, "end": { "line": 61, "column": 23 } }
    },
    "fnMap": {
      "0": {
        "name": "(anonymous_0)",
        "decl": { "start": { "line": 17, "column": 20 }, "end": { "line": 17, "column": 25 } },
        "loc": { "start": { "line": 29, "column": 5 }, "end": { "line": 63, "column": 1 } }
      },
      "1": {
        "name": "(anonymous_1)",
        "decl": { "start": { "line": 51, "column": 24 }, "end": { "line": 51, "column": 33 } },
        "loc": { "start": { "line": 51, "column": 37 }, "end": { "line": 51, "column": 76 } }
      },
      "2": {
        "name": "(anonymous_2)",
        "decl": { "start": { "line": 56, "column": 40 }, "end": { "line": 56, "column": 49 } },
        "loc": { "start": { "line": 56, "column": 53 }, "end": { "line": 56, "column": 115 } }
      }
    },
    "branchMap": {
      "0": {
        "loc": { "start": { "line": 19, "column": 2 }, "end": { "line": 19, "column": 20 } },
        "type": "default-arg",
        "locations": [{ "start": { "line": 19, "column": 15 }, "end": { "line": 19, "column": 20 } }]
      },
      "1": {
        "loc": { "start": { "line": 21, "column": 2 }, "end": { "line": 21, "column": 24 } },
        "type": "default-arg",
        "locations": [{ "start": { "line": 21, "column": 16 }, "end": { "line": 21, "column": 24 } }]
      },
      "2": {
        "loc": { "start": { "line": 31, "column": 2 }, "end": { "line": 31, "column": 47 } },
        "type": "binary-expr",
        "locations": [
          { "start": { "line": 31, "column": 2 }, "end": { "line": 31, "column": 13 } },
          { "start": { "line": 31, "column": 17 }, "end": { "line": 31, "column": 47 } }
        ]
      },
      "3": {
        "loc": { "start": { "line": 36, "column": 2 }, "end": { "line": 39, "column": 3 } },
        "type": "if",
        "locations": [{ "start": { "line": 36, "column": 2 }, "end": { "line": 39, "column": 3 } }]
      },
      "4": {
        "loc": { "start": { "line": 37, "column": 4 }, "end": { "line": 37, "column": 35 } },
        "type": "binary-expr",
        "locations": [
          { "start": { "line": 37, "column": 4 }, "end": { "line": 37, "column": 15 } },
          { "start": { "line": 37, "column": 19 }, "end": { "line": 37, "column": 35 } }
        ]
      },
      "5": {
        "loc": { "start": { "line": 44, "column": 4 }, "end": { "line": 47, "column": 5 } },
        "type": "if",
        "locations": [{ "start": { "line": 44, "column": 4 }, "end": { "line": 47, "column": 5 } }]
      },
      "6": {
        "loc": { "start": { "line": 55, "column": 4 }, "end": { "line": 57, "column": 5 } },
        "type": "if",
        "locations": [{ "start": { "line": 55, "column": 4 }, "end": { "line": 57, "column": 5 } }]
      },
      "7": {
        "loc": { "start": { "line": 58, "column": 4 }, "end": { "line": 58, "column": 63 } },
        "type": "binary-expr",
        "locations": [
          { "start": { "line": 58, "column": 4 }, "end": { "line": 58, "column": 15 } },
          { "start": { "line": 58, "column": 19 }, "end": { "line": 58, "column": 63 } }
        ]
      },
      "8": {
        "loc": { "start": { "line": 60, "column": 4 }, "end": { "line": 60, "column": 56 } },
        "type": "binary-expr",
        "locations": [
          { "start": { "line": 60, "column": 4 }, "end": { "line": 60, "column": 15 } },
          { "start": { "line": 60, "column": 19 }, "end": { "line": 60, "column": 56 } }
        ]
      }
    },
    "s": {
      "0": 1,
      "1": 1,
      "2": 6,
      "3": 6,
      "4": 6,
      "5": 6,
      "6": 6,
      "7": 3,
      "8": 3,
      "9": 3,
      "10": 3,
      "11": 3,
      "12": 0,
      "13": 0,
      "14": 3,
      "15": 3,
      "16": 4,
      "17": 3,
      "18": 1,
      "19": 1,
      "20": 3,
      "21": 0,
      "22": 0
    },
    "f": { "0": 6, "1": 4, "2": 1 },
    "b": { "0": [0], "1": [0], "2": [6, 0], "3": [3], "4": [3, 0], "5": [0], "6": [1], "7": [3, 0], "8": [0, 0] }
  },
  "/Users/kenny/Developer/future/packages/cli/src/services/service.deps.ts": {
    "path": "/Users/kenny/Developer/future/packages/cli/src/services/service.deps.ts",
    "statementMap": {
      "0": { "start": { "line": 11, "column": 4 }, "end": { "line": 11, "column": 51 } },
      "1": { "start": { "line": 15, "column": 22 }, "end": { "line": 15, "column": 74 } },
      "2": { "start": { "line": 16, "column": 4 }, "end": { "line": 20, "column": 5 } },
      "3": { "start": { "line": 17, "column": 6 }, "end": { "line": 19, "column": 7 } },
      "4": { "start": { "line": 18, "column": 8 }, "end": { "line": 18, "column": 20 } },
      "5": { "start": { "line": 21, "column": 22 }, "end": { "line": 21, "column": 45 } },
      "6": { "start": { "line": 22, "column": 4 }, "end": { "line": 24, "column": 5 } },
      "7": { "start": { "line": 23, "column": 6 }, "end": { "line": 23, "column": 42 } },
      "8": { "start": { "line": 25, "column": 4 }, "end": { "line": 25, "column": 16 } },
      "9": { "start": { "line": 29, "column": 21 }, "end": { "line": 29, "column": 53 } },
      "10": { "start": { "line": 30, "column": 4 }, "end": { "line": 39, "column": 5 } },
      "11": { "start": { "line": 32, "column": 8 }, "end": { "line": 32, "column": 22 } },
      "12": { "start": { "line": 34, "column": 8 }, "end": { "line": 34, "column": 21 } },
      "13": { "start": { "line": 36, "column": 8 }, "end": { "line": 36, "column": 22 } },
      "14": { "start": { "line": 38, "column": 8 }, "end": { "line": 38, "column": 21 } },
      "15": { "start": { "line": 43, "column": 21 }, "end": { "line": 43, "column": 40 } },
      "16": { "start": { "line": 44, "column": 4 }, "end": { "line": 48, "column": 5 } },
      "17": { "start": { "line": 45, "column": 6 }, "end": { "line": 45, "column": 46 } },
      "18": { "start": { "line": 47, "column": 6 }, "end": { "line": 47, "column": 48 } },
      "19": { "start": { "line": 50, "column": 24 }, "end": { "line": 50, "column": 42 } },
      "20": { "start": { "line": 51, "column": 4 }, "end": { "line": 55, "column": 7 } },
      "21": { "start": { "line": 59, "column": 4 }, "end": { "line": 79, "column": 5 } },
      "22": { "start": { "line": 60, "column": 30 }, "end": { "line": 60, "column": 70 } },
      "23": { "start": { "line": 62, "column": 6 }, "end": { "line": 66, "column": 7 } },
      "24": { "start": { "line": 63, "column": 8 }, "end": { "line": 63, "column": 49 } },
      "25": { "start": { "line": 65, "column": 8 }, "end": { "line": 65, "column": 69 } },
      "26": { "start": { "line": 68, "column": 26 }, "end": { "line": 68, "column": 89 } },
      "27": { "start": { "line": 69, "column": 6 }, "end": { "line": 73, "column": 7 } },
      "28": { "start": { "line": 70, "column": 8 }, "end": { "line": 72, "column": 9 } },
      "29": { "start": { "line": 71, "column": 10 }, "end": { "line": 71, "column": 123 } },
      "30": { "start": { "line": 75, "column": 6 }, "end": { "line": 75, "column": 18 } },
      "31": { "start": { "line": 77, "column": 6 }, "end": { "line": 77, "column": 25 } },
      "32": { "start": { "line": 78, "column": 6 }, "end": { "line": 78, "column": 44 } }
    },
    "fnMap": {
      "0": {
        "name": "(anonymous_0)",
        "decl": { "start": { "line": 10, "column": 2 }, "end": { "line": 10, "column": null } },
        "loc": { "start": { "line": 10, "column": 2 }, "end": { "line": 12, "column": 3 } }
      },
      "1": {
        "name": "(anonymous_1)",
        "decl": { "start": { "line": 14, "column": 10 }, "end": { "line": 14, "column": 22 } },
        "loc": { "start": { "line": 14, "column": 34 }, "end": { "line": 26, "column": 3 } }
      },
      "2": {
        "name": "(anonymous_2)",
        "decl": { "start": { "line": 28, "column": 10 }, "end": { "line": 28, "column": 27 } },
        "loc": { "start": { "line": 28, "column": 27 }, "end": { "line": 40, "column": 3 } }
      },
      "3": {
        "name": "(anonymous_3)",
        "decl": { "start": { "line": 42, "column": 9 }, "end": { "line": 42, "column": 14 } },
        "loc": { "start": { "line": 42, "column": 49 }, "end": { "line": 56, "column": 3 } }
      },
      "4": {
        "name": "(anonymous_4)",
        "decl": { "start": { "line": 58, "column": 9 }, "end": { "line": 58, "column": 14 } },
        "loc": { "start": { "line": 58, "column": 55 }, "end": { "line": 80, "column": 3 } }
      }
    },
    "branchMap": {
      "0": {
        "loc": { "start": { "line": 17, "column": 6 }, "end": { "line": 19, "column": 7 } },
        "type": "if",
        "locations": [{ "start": { "line": 17, "column": 6 }, "end": { "line": 19, "column": 7 } }]
      },
      "1": {
        "loc": { "start": { "line": 22, "column": 4 }, "end": { "line": 24, "column": 5 } },
        "type": "if",
        "locations": [{ "start": { "line": 22, "column": 4 }, "end": { "line": 24, "column": 5 } }]
      },
      "2": {
        "loc": { "start": { "line": 30, "column": 4 }, "end": { "line": 39, "column": 5 } },
        "type": "switch",
        "locations": [
          { "start": { "line": 31, "column": 6 }, "end": { "line": 32, "column": 22 } },
          { "start": { "line": 33, "column": 6 }, "end": { "line": 34, "column": 21 } },
          { "start": { "line": 35, "column": 6 }, "end": { "line": 36, "column": 22 } },
          { "start": { "line": 37, "column": 6 }, "end": { "line": 38, "column": 21 } }
        ]
      },
      "3": {
        "loc": { "start": { "line": 44, "column": 4 }, "end": { "line": 48, "column": 5 } },
        "type": "if",
        "locations": [
          { "start": { "line": 44, "column": 4 }, "end": { "line": 48, "column": 5 } },
          { "start": { "line": 46, "column": 11 }, "end": { "line": 48, "column": 5 } }
        ]
      },
      "4": {
        "loc": { "start": { "line": 70, "column": 8 }, "end": { "line": 72, "column": 9 } },
        "type": "if",
        "locations": [{ "start": { "line": 70, "column": 8 }, "end": { "line": 72, "column": 9 } }]
      },
      "5": {
        "loc": { "start": { "line": 70, "column": 12 }, "end": { "line": 70, "column": 78 } },
        "type": "binary-expr",
        "locations": [
          { "start": { "line": 70, "column": 12 }, "end": { "line": 70, "column": 37 } },
          { "start": { "line": 70, "column": 41 }, "end": { "line": 70, "column": 78 } }
        ]
      }
    },
    "s": {
      "0": 6,
      "1": 18,
      "2": 18,
      "3": 42,
      "4": 6,
      "5": 12,
      "6": 12,
      "7": 12,
      "8": 0,
      "9": 6,
      "10": 6,
      "11": 6,
      "12": 0,
      "13": 0,
      "14": 0,
      "15": 0,
      "16": 0,
      "17": 0,
      "18": 0,
      "19": 0,
      "20": 0,
      "21": 3,
      "22": 3,
      "23": 3,
      "24": 3,
      "25": 0,
      "26": 3,
      "27": 3,
      "28": 3,
      "29": 0,
      "30": 3,
      "31": 0,
      "32": 0
    },
    "f": { "0": 6, "1": 18, "2": 6, "3": 0, "4": 3 },
    "b": { "0": [6], "1": [12], "2": [6, 0, 0, 0], "3": [0, 0], "4": [0], "5": [3, 3] }
  }
}
