TN:
SF:src/commands/init/init.ts
FN:17,(anonymous_0)
FN:51,(anonymous_1)
FN:56,(anonymous_2)
FNF:3
FNH:3
FNDA:6,(anonymous_0)
FNDA:4,(anonymous_1)
FNDA:1,(anonymous_2)
DA:15,1
DA:17,1
DA:30,6
DA:31,6
DA:33,6
DA:34,6
DA:36,6
DA:37,3
DA:38,3
DA:41,3
DA:42,3
DA:44,3
DA:45,0
DA:46,0
DA:48,3
DA:49,3
DA:51,4
DA:55,3
DA:56,1
DA:58,3
DA:60,0
DA:61,0
LF:22
LH:18
BRDA:19,0,0,0
BRDA:21,1,0,0
BRDA:31,2,0,6
BRDA:31,2,1,0
BRDA:36,3,0,3
BRDA:37,4,0,3
BRDA:37,4,1,0
BRDA:44,5,0,0
BRDA:55,6,0,1
BRDA:58,7,0,3
BRDA:58,7,1,0
BRDA:60,8,0,0
BRDA:60,8,1,0
BRF:13
BRH:5
end_of_record
TN:
SF:src/services/service.deps.ts
FN:10,(anonymous_0)
FN:14,(anonymous_1)
FN:28,(anonymous_2)
FN:42,(anonymous_3)
FN:58,(anonymous_4)
FNF:5
FNH:4
FNDA:6,(anonymous_0)
FNDA:18,(anonymous_1)
FNDA:6,(anonymous_2)
FNDA:0,(anonymous_3)
FNDA:3,(anonymous_4)
DA:11,6
DA:15,18
DA:16,18
DA:17,42
DA:18,6
DA:21,12
DA:22,12
DA:23,12
DA:25,0
DA:29,6
DA:30,6
DA:32,6
DA:34,0
DA:36,0
DA:38,0
DA:43,0
DA:44,0
DA:45,0
DA:47,0
DA:50,0
DA:51,0
DA:59,3
DA:60,3
DA:62,3
DA:63,3
DA:65,0
DA:68,3
DA:69,3
DA:70,3
DA:71,0
DA:75,3
DA:77,0
DA:78,0
LF:33
LH:19
BRDA:17,0,0,6
BRDA:22,1,0,12
BRDA:30,2,0,6
BRDA:30,2,1,0
BRDA:30,2,2,0
BRDA:30,2,3,0
BRDA:44,3,0,0
BRDA:44,3,1,0
BRDA:70,4,0,0
BRDA:70,5,0,3
BRDA:70,5,1,3
BRF:11
BRH:5
end_of_record
